<?xml version="1.0" encoding="UTF-8"?>
<Site BuildName="Linux-c++"
	BuildStamp="20230223-2134-Experimental"
	Name="thaidy-ASUS-TUF-Gaming-F15-FX506LHB-FX506LHB"
	Generator="ctest-3.22.1"
	CompilerName="/usr/bin/c++"
	CompilerVersion="11.3.0"
	OSName="Linux"
	Hostname="thaidy-ASUS-TUF-Gaming-F15-FX506LHB-FX506LHB"
	OSRelease="5.19.0-32-generic"
	OSVersion="#33~22.04.1-Ubuntu SMP PREEMPT_DYNAMIC Mon Jan 30 17:03:34 UTC 2"
	OSPlatform="x86_64"
	Is64Bits="1"
	VendorString="GenuineIntel"
	VendorID="Intel Corporation"
	FamilyID="6"
	ModelID="165"
	ProcessorCacheSize="8192"
	NumberOfLogicalCPU="8"
	NumberOfPhysicalCPU="4"
	TotalVirtualMemory="2047"
	TotalPhysicalMemory="7785"
	LogicalProcessorsPerPhysical="2"
	ProcessorClockFrequency="4200"
	>
	<Testing>
		<StartDateTime>Feb 23 21:34 WET</StartDateTime>
		<StartTestTime>1677188059</StartTestTime>
		<TestList/>
		<EndDateTime>Feb 23 21:34 WET</EndDateTime>
		<EndTestTime>1677188059</EndTestTime>
		<ElapsedMinutes>0</ElapsedMinutes>
	</Testing>
</Site>
